[   0.00000] italinggrup sbss ust  0.0000] italizing group subss cpu
[   0000] Iitling cgrp bss cpac
   0.000 Lnux veio4.4.0-45geri(build@l0134) (g vsin 5.4.200609 (buu 4.0-buu116.04.2) ) #66-Ubuntu SMP Wed Oct 19 14:12:37 UTC 2016 (Ubuntu 4.4.0-45.66-generic 4.4.21)
[    0.000000] Command line: BOOT_IMAGE=/boot/vmlinuz-4.4.0-45-generic root=LABEL=cloudimg-rootfs ro console=tty1 console=ttyS0
[    0.000000] KERNEL supported cpus:
[    0.000000]   Intel GenuineIntel
[    0.000000]   AMD AuthenticAMD
[    0.000000]   Centaur CentaurHauls
[    0.000000] x86/fpu: xstate_offset[2]:  576, xstate_sizes[2]:  256
[    0.000000] x86/fpu: Supporting XSAVE feature 0x01: 'x87 floating point registers'
[    0.000000] x86/fpu: Supporting XSAVE eare 0x02: 'SSE registers'
[    0.000000] x86/fpu: Supporting XSAVE feature 0x04: 'AVX registers'
[    0.000000] x86/fpu: Enabled xstate features 0x7, context size is 832 bytes, using 'standard' format.
[    0.000000] x86/fpu: Using 'lazy' FPU context switches.
[    0.000000] e820: BIOS-provided physical RAM map:
[    0.000000] BIOS-e820: [mem 0x0000000000000000-0x000000000009fbff] usable
[    0.000000] BIOS-e820: [mem 0x000000000009fc00-0x000000000009ffff] reserved
[    0.000000] BIOS-e820: [mem 0x00000000000f0000-0x00000000000fffff] reserved
[    0.000000] BIOS-e820: [mem 0x0000000000100000-0x000000003ffeffff] usable
[    0.000000] BIOS-e820: [mem 0x000000003fff0000-0x000000003fffffff] ACPI data
[    0.000000] BIOS-e820: [mem 0x00000000fec00000-0x00000000fec00fff] reserved
[    0.000000] BIOS-e820: [mem 0x00000000fee00000-0x00000000fee00fff] reserved
[    0.000000] BIOS-e820: [mem 0x00000000fffc0000-0x00000000ffffffff] reserved
[    0.000000] NX (Execute Disable) protection: active
[    0.000000] SMBIOS 2.5 present.
[    0.000000] Hypervisor detected: KVM
[    0.000000] e820: last_pfn = 0x3fff0 max_arch_pfn = 0x400000000
[    0.000000] MTRR: Disabled
[    0.000000] x86/PAT: MTRRs disabled, skipping PAT initialization too.
[    0.000000] x86/PAT: Configuration [0-7]: WB  WT  UC- UC  WB  WT  UC- UC  
[    0.000000] CPU MTRRs all blank - virtualized system.
[  00000] oud P P-tae  [em 0x09f0-x0009fff]maed a[ff8000009f0
[    0.000000] Scanning 1 areas for low memory corruption
[    0.000000] RAMDISK: [mem 0x36fe4000-0x377e9fff]
[    0.000000] ACPI: Early table checksum verification disabled
[    0.000000] ACPI: RSDP 0x00000000000E0000 000024 (v02 VBOX  )
[    0.000000] ACPI: XSDT 0x000000003FFF0030 00003C (v01 VBOX   VBOXXSDT 00000001 ASL  00000061)
[    0.000000] ACPI: FACP 0x000000003FFF00F0 0000F4 (v04 VBOX   VBOXFACP 00000001 ASL  00000061)
[    0.000000] ACPI: DSDT 0x000000003FFF0470 00210F (v01 VBOX   VBOXBIOS 00000002 INTL 20160831)
[    0.000000] ACPI: FACS 0x000000003FFF0200 000040
[    0.000000] ACPI: FACS 0x000000003FFF0200 000040
[    0.000000] ACPI: APIC 0x000000003FFF0240 00005C (v02 VBOX   VBOXAPIC 00000001 ASL  00000061)
[    0.000000] ACPI: SSDT 0x000000003FFF02A0 0001CC (v01 VBOX   VBOXCPUT 00000002 INTL 20160831)
[    0.000000] No NUMA configuration found
[    0.000000] Faking a node at [mem 0x0000000000000000-0x000000003ffeffff]
[    0.000000] NODE_DATA(0) allocated [mem 0x3ffeb000-0x3ffeffff]
[    0.000000] kvm-clock: Using msrs 4b564d01 and 4b564d00
[    0.000000] kvm-clock: cpu 0, msr 0:3ffe7001, primary cpu clock
[    0.000000] kvm-clock: using sched offset of 3147788704 cycles
[    0.000000] clocksource: kvm-clock: mask: 0xffffffffffffffff max_cycles: 0x1cd42e4dffb, max_idle_ns: 881590591483 ns
[    0.000000] Zone ranges:
[    0.000000]   DMA      [mem 0x0000000000001000-0x0000000000ffffff]
[    0.000000]   DMA32    [mem 0x0000000001000000-0x000000003ffeffff]
[    0.000000]   Normal   empty
[    0.000000]   Device   empty
[    0.000000] Movable zone start for each node
[    0.000000] Early memory node ranges
[    0.000000]   node   0: [mem 0x0000000000001000-0x000000000009efff]
[    0.000000]   node   0: [mem 0x0000000000100000-0x000000003ffeffff]
[    0.000000] Initmem setup node 0 [mem 0x0000000000001000-0x000000003ffffff]
[    0.000000] ACPI: PM-Timer IO Port: 0x4008
[    0.000000] IOAPIC[0]: apic_id 2, version 32, address 0xfec00000, GSI 0-23
[    0.000000] ACPI: INT_SRC_OVR (bus 0 bus_irq 0 global_irq 2 dfl dfl)
[    0.000000] ACPI: INT_SRC_OVR (bus 0 bus_irq 9 global_irq 9 high level)
[    0.000000] Using ACPI (MADT) for SMP configuration information
[    0.000000] smpboot: Allowing 2 CPUs, 0 hotplug CPUs
[    0.000000] PM: Registered nosave memory: [mem 0x00000000-0x00000fff]
[    0.000000] PM: Registered nosave memory: [mem 0x0009f000-0x0009ffff]
[    0.000000] PM: Registered nosave memory: [mem 0x000a0000-0x000effff]
[    0.000000] PM: Registered nosave memory: [mem 0x000f0000-0x000fffff]
[    0.000000] e820: [mem 0x40000000-0xfebfffff] available for PCI devices
[    0.000000] Booting paravirtualized kernel on KVM
[    0.000000] clocksource: refined-jiffies: mask: 0xffffffff max_cycles: 0xffffffff, max_idle_ns: 7645519600211568 ns
[    0.000000] setup_percpu: NR_CPUS:256 nr_cpumask_bits:256 nr_cpu_ids:2 nr_node_ids:1
[    0.000000] PERCPU: Embedded 33 pages/cpu @ffff88003fc00000 s98008 r8192 d28968 u1048576
[    0.000000] PV qspinlock hash table entries: 256 (order: 0, 4096 bytes)
[    0.000000] Built 1 zonelists in Node order, mobility grouping on.  Total pages: 257913
[    0.000000] Policy zone: DMA32
[    0.000000] Kernel command line: BOOT_IMAGE=/boot/vmlinuz-4.4.0-45-generic root=LABEL=cloudimg-rootfs ro console=tty1 console=ttyS0
[    0.000000] PID hash table entries: 4096 (order: 3, 32768 bytes)
[    0.000000] Memory: 1004420K/1048120K available (8409K kernel code, 1283K rwdata, 3944K rodata, 1480K init, 1292K bss, 43700K reserved, 0K cma-reserved)
[    0.000000] SLUB: HWalign=64, Order=0-3, MinObjects=0, CPUs=2, Nodes=1
[    0.000000] Hierarchical RCU implementation.
[    0.000000] 	Build-time adjustment of leaf fanout to 64.
[    0.000000] 	RCU restricting CPUs from NR_CPUS=256 to nr_cpu_ids=2.
[    0.000000] RCU: Adjusting geometry for rcu_fanout_leaf=64, nr_cpu_ids=2
[    0.000000] NR_IRQS:16640 nr_irqs:440 16
[    0.000000] Console: colour VGA+ 80x25
[    0.000000] console [tty1] enabled
[    0.000000] console [ttyS0] enabled
[    0.000000] tsc: Detected 2593.984 MHz processor
[    1.536941] Calibrating delay loop (skipped) preset value.. 5187.96 BogoMIPS (lpj=10375936)
[    1.537998] pid_max: default: 32768 minimum: 301
[    1.538562] ACPI: Core revision 20150930
[    1.539842] ACPI: 2 ACPI AML taes successfully acquired and loaded
[    1.576868] Security Framework initialized
[    1.577420] Yama: becoming mindful.
[    1.577902] AppArmor: AppArmor initialized
[    1.578506] Dentry cache hash table entries: 131072 (order: 8, 1048576 bytes)
[    1.579432] Inode-cache hash table entries: 65536 (order: 7, 524288 bytes)
[    1.580590] Mount-cache hash table entries: 2048 (order: 2, 16384 bytes)
[    1.581330] Mountpoint-cache hash table entries: 2048 (order: 2, 16384 bytes)
[    1.582216] Initializing cgroup subsys io
[    1.582739] Initializing cgroup subsys memory
[    1.583287] Initializing cgroup subsys devices
[    1.583870] Initializing cgroup subsys freezer
[    1.584459] Initializing cgroup subsys net_cls
[    1.585021] Initializing cgroup subsys perf_event
[    1.585609] Initializing cgroup subsys net_prio
[    1.586186] Initializing cgroup subsys hugetlb
[    1.586781] Initializing cgroup subsys pids
[    1.587396] CPU: Physical Processor ID: 0
[    1.587912] CPU: Processor Core ID: 0
[    1.589182] mce: CPU supports 0 MCE banks
[    1.589730] Last level iTLB entries: 4KB 1024, 2MB 1024, 4MB 1024
[    1.590431] Last level dTLB entries: 4KB 1024, 2MB 1024, 4MB 1024, 1GB 4
[    1.592617] Freeing SMP alternatives memory: 32K (ffffffff820b4000 - ffffffff820bc000)
[    1.599790] ftrace: allocating 32007 entries in 126 pages
[    1.631111] smpboot: Max logical packages: 1
[    1.632754] smpboot: APIC(0) Converting physical 0 to logical package 0
[    1.633698] x2apic enabled
[    1.634305] Switched APIC routing to physical x2apic.
[    1.635786] ..TIMER: vector=0x30 apic1=0 pin1=2 apic2=-1 pin2=-1
[    1.744002] smpboot: CPU0: Intel(R) Core(TM) i7-4720HQ CPU @ 2.60GHz (family: 0x6, model: 0x3c, stepping: 0x3)
[    2.026403] Performance Events: unsupported p6 CPU model 60 no PMU driver, software events only.
[    2.202199] KVM setup paravirtual spinlock
[    2.325973] x86: Booting SMP configuration:
[    2.443462] .... node  #0, CPUs:      #1
[    2.546700] kvm-clock: cpu 1, msr 0:3ffe7041, secondary cpu clock
[    2.581305] mce: CPU supports 0 MCE banks
[    2.583610] x86: Booted up 1 node, 2 CPUs
[    2.584434] smpboot: Total of 2 processors activated (10375.93 BogoMIPS)
[    2.585469] devtmpfs: initialized
[    2.635912] evm: security.selinux
[    2.677102] evm: security.SMACK64
[    2.677576] evm: security.SMACK64EXEC
[    2.678076] evm: security.SMACK64TRANSMUTE
[    2.678611] evm: security.SMACK64MMAP
[    2.679111] evm: security.ima
[    2.679561] evm: security.capability
[    2.680250] clocksource: jiffies: mask: 0xffffffff max_cycles: 0xffffffff, max_idle_ns: 7645041785100000 ns
[    2.681506] pinctrl core: initialized pinctrl subsystem
[    2.682234] RTC time:  1:00:44, date: 11/08/16
[    2.683292] NET: Registered protocol family 16
[    2.699347] cpuidle: using governor ladder
[    2.708207] cpuidle: using governor menu
[    2.708902] PCCT header not found.
[    2.709567] ACPI: bus type PCI registered
[    2.710083] acpiphp: ACPI Hot Plug PCI Controller Driver version: 0.5
[    2.710858] PCI: Using configuration type 1 for base access
[    2.725120] ACPI: Added _OSI(Module Device)
[    2.725826] ACPI: Added _OSI(Processor Device)
[    2.726444] ACPI: Added _OSI(3.0 _SCP Extensions)
[    2.727058] ACPI: Added _OSI(Processor Aggregator Device)
[    2.728221] ACPI: Executed 1 blocks of module-level executable AML code
[    2.730474] ACPI: Interpreter enabled
[    2.730967] ACPI Exception: AE_NOT_FOUND, While evaluating Sleep State [\_S1_] (20150930/hwxface-580)
[    2.732171] ACPI Exception: AE_NOT_FOUND, While evaluating Sleep State [\_S2_] (20150930/hwxface-580)
[    2.733371] ACPI Exception: AE_NOT_FOUND, While evaluating Sleep State [\_S3_] (20150930/hwxface-580)
[    2.734559] ACPI Exception: AE_NOT_FOUND, While evaluating Sleep State [\_S4_] (20150930/hwxface-580)
[    2.735731] ACPI: (supports S0 S5)
[    2.736220] ACPI: Using IOAPIC for interrupt routing
[    2.736950] PCI: Using host bridge windows from ACPI; if necessary, use "pci=nocrs" and report a bug
[    2.740484] ACPI: PCI Root Bridge [PCI0] (domain 0000 [bus 00-ff])
[    2.741178] acpi PNP0A03:00: _OSC: OS supports [ASPM ClockPM Segments MSI]
[    2.741922] acpi PNP0A03:00: _OSC failed (AE_NOT_FOUND); disabling ASPM
[    2.742647] acpi PNP0A03:00: fail to add MMCONFIG information, can't access extended PCI configuration space under this bridge.
[    2.744126] PCI host bridge to bus 0000:00
[    2.744675] pci_bus 0000:00: root bus resource [io  0x0000-0x0cf7 window]
[    2.745412] pci_bus 0000:00: root bus resource [io  0x0d00-0xffff window]
[    2.746148] pci_bus 0000:00: root bus resource [mem 0x000a0000-0x000bffff window]
[    2.747090] pci_bus 0000:00: root bus resource [mem 0x40000000-0xffdfffff window]
[    2.748054] pci_bus 0000:00: root bus resource [bus 00-ff]
[    2.749651] pci 0000:00:01.1: legacy IDE quirk: reg 0x10: [io  0x01f0-0x01f7]
[    2.757793] pci 0000:00:01.1: legacy IDE quirk: reg 0x14: [io  0x03f6]
[    2.758515] pci 0000:00:01.1: legacy IDE quirk: reg 0x18: [io  0x0170-0x0177]
[    2.759285] pci 0000:00:01.1: legacy IDE quirk: reg 0x1c: [io  0x0376]
[    2.773448] pci 0000:00:07.0: quirk: [io  0x4000-0x403f] claimed by PIIX4 ACPI
[    2.776629] pci 0000:00:07.0: quirk: [io  0x4100-0x410f] claimed by PIIX4 SMB
[    2.784807] ACPI: PCI Interrupt Link [LNKA] (IRQs 5 9 10 *11)
[    2.792280] ACPI: PCI Interrupt Link [LNKB] (IRQs 5 9 10 *11)
[    2.793286] ACPI: PCI Interrupt Link [LNKC] (IRQs 5 9 *10 11)
[    2.794272] ACPI: PCI Interrupt Link [LNKD] (IRQs 5 *9 10 11)
[    2.795293] ACPI: Enabled 2 GPEs in block 00 to 07
[    2.801508] vgaarb: setting as boot device: PCI:0000:00:02.0
[    2.802157] vgaarb: device added: PCI:0000:00:02.0,decodes=io+mem,owns=io+mem,locks=none
[    2.803151] vgaarb: loaded
[    2.803569] vgaarb: bridge control possible 0000:00:02.0
[    2.804423] SCSI subsystem initialized
[    2.805030] ACPI: bus type USB registered
[    2.805567] usbcore: registered new interface driver usbfs
[    2.806207] usbcore: registered new interface driver hub
[    2.806847] usbcore: registered new device driver usb
[    2.807773] PCI: Using ACPI for IRQ routing
[    2.808538] NetLabel: Initializing
[    2.809008] NetLabel:  domain hash size = 128
[    2.809549] NetLabel:  protocols = UNLABELED CIPSOv4
[    2.810151] NetLabel:  unlabeled traffic allowed by default
[    2.810943] amd_nb: Cannot enumerate AMD northbridges
[    2.811600] clocksource: Switched to clocksource kvm-clock
[    2.818845] AppArmor: AppArmor Filesystem Enabled
[    2.820560] pnp: PnP ACPI init
[    2.821501] pnp: PnP ACPI: found 3 devices
[    2.830022] clocksource: acpi_pm: mask: 0xffffff max_cycles: 0xffffff, max_idle_ns: 2085701024 ns
[    2.831148] NET: Registered protocol family 2
[    2.831854] TCP established hash table entries: 8192 (order: 4, 65536 bytes)
[    2.832652] TCP bind hash table entries: 8192 (order: 5, 131072 bytes)
[    2.833405] TCP: Hash tables configured (established 8192 bind 8192)
[    2.834143] UDP hash table entries: 512 (order: 2, 16384 bytes)
[    2.834830] UDP-Lite hash table entries: 512 (order: 2, 16384 bytes)
[    2.835584] NET: Registered protocol family 1
[    2.836167] pci 0000:00:00.0: Limiting direct PCI/PCI transfers
[    2.836867] pci 0000:00:01.0: Activating ISA DMA hang workarounds
[    2.837990] Trying to unpack rootfs image as initramfs...
[   339911663] Feeeing iiirr  eeooyy: 8216K (ffff880066ee0000 - ffff8800377aa000)
[    4444452]] RPP  MM  detectdd, AP  nnttiis 2^33  oollss, 4 iiee  oonneers 17737412240mm  vvflttimer
[    5.39977]] hw unttoo  oomain p00ccor  ^^-0 Juule
[   557770590]hh  nnttoo  oomain pacaage 2--0 oollss

[   66229988]] hw uni  of dmmain rram 2--  oollss

[    6.611777] hw unitoof doaain pp1gguu22--0 oollss

[    7.022175] platform rtc_cmos: registered platform RTC device (no PNP device found)
[   7.759]cain f l morcouponvery0 cos
[    ..880088  uute  aashttbbleeettiiss  11  oodder: 3, 32768 bytes)
[    8.022841] tsc: Refined TSC clocksource calibration: 2592.761 MHz
[    8.022843] clocksource: tsc: mask: 0xffffffffffffffff max_cycles: 0x255f856c4b4, max_idle_ns: 440795218675 ns
[    8.458553] audit: initializing netlink subsys (disabled)
[    8.459240] audit: type=2000 audit(1478566853.205:1): initialized
[    8.460189] Initialise system trusted keyring
[    8.460957] HugeTLB registered 2 MB page size, pre-allocated 0 pages
[    8.462760] zbud: loaded
[    8.463451] VFS: Disk quotas dquot_6.6.0
[    8.464047] VFS: Dquot-cache hash table entries: 512 (order 0, 4096 bytes)
[    8.465021] suusshfs:vversion ..  22009/01/31) Philii  Lougher
[    ..004433  uueeiiii  (AIIvvrriinn 7.23)
[    9223355]]KKyyttype big_key registered
[    9.503478]AAllccatin  MMA MO  an  llccllsst kerrings
[    9.920299] Key type asymmetric registered
[    9.984211] Asymmetric key parser 'x509' registered
[    9.984877] Block layer SCSI generic (bsg) driver version 0.4 loaded (major 249)
[    9.985935] io scheduler noop registered
[    9.986741] io scheduler deadline registered (default)
[    9.987472] io scheduler cfq registered
[   10.064258] pci_hotplug: PCI Hot Plug PCI Core version: 0.5
[   10.070802] pciehp: PCI Express Hot Plug Contooller Driver eessoon: 044
[   1..339600  CCII  ACAAdapter [AC] (off-line)
[   10.544700] input: Power Button as /devices/LNXSYSTM:00/LNXPWRBN:00/input/input0
[   10.546582] ACPI: Power Button [PWRF]
[   10.547320] input: Sleep Button as /devices/LNXSYSTM:00/LNXSLPBN:00/input/input1
[   10.555804] ACPI: Sleep Button [SLPF]
[   10.556854] ACPI: Battery Slot [BAT0] (battery present)
[   10.557515] GHES: HEST is not enabled!
[   10.561523] Serial: 8250/16550 driver, 32 ports, IRQ sharing enabled
[   00558337]] 0::22  ttyS0 atII/O 03388((rr    ,, bss__aadd==115500)) is a 66550A

[   11.34499]]LLnnxxaappgatt interface v0.103
[   11.566025]bbrd: oouulellaade
[   11.834118]lloop: mddule oodddd

[   22002288]]sscsi oost::aata_piix
[   12.347494] scsi host1: ata_piix
[   12.348027] ata1: PATA max UDMA/33 cmd 0x1f0 ctl 0x3f6 bmdma 0xd000 irq 14
[   12.348808] ata2: PATA max UDMA/33 cmd 0x170 ctl 0x376 bmdma 0xd008 irq 15
[   12.349660] libphy: Fixed MDIO Bus: probed
[   12.384039] tun: Universal TUN/TAP device driver, 1.6
[   12.391019] tun: (C) 1999-2004 Max Krasnyansky <maxk@qualcomm.com>
[   12.392395] PPP generic driver version 2.4.2
[   12.393531] ehci_hcd: USB 2.0 'Enhanced' Host Controller (EHCI) Drive
[   12445499]] ecci-pci: EHCI PCI platform drive
[   12.732992] ehci-platform: EHCI generic platform driver
[   12.744224] ohci_hcd: USB 1.1 'Open' Host Controller (OHCI) Driver
[   12.744933] ohci-pci: OHCI PCI platform driver
[   12.745499] ohci-platform: OHCI generic platform driver
[   12.746123] uhci_hcd: USB Universal Host Controller Interface driver
[   12.746883] i8042: PNP: PS/2 Controller [PNP0303:PS2K,PNP0f03:PS2M] at 0x60,0x64 irq 1,12
[   12.748305] serio: i8042 KBD port at 0x60,0x64 irq 1
[   12.748906] serio: i8042 AUX port at 0x60,0x64 irq 12
[   12.749603] mousedev: PS/2 mouse device common for all mice
[   12.750583] input: AT Translated Set 2 keyboard as /devices/platform/i8042/serio0/input/input2
[   12.751792] rtc_cmos rtc_cmos: rtc core: registered rtc_cmos as rtc0
[   12.752544] rtc_cmos rtc_cmos: alarms up to one day, 114 bytes nvram
[   12.753259] i2c /dev entries driver
[   12.753801] device-mapper: uevent: version 1.0.3
[   12.754419] device-mapper: ioctl: 4.34.0-ioctl (2015-10-28) initialised: dm-devel@redhat.com
[   12.755497] ledtrig-cpu: registered to indicate activity on CPUs
[   12.756527] NET: Registered protocol family 10
[   12.757206] NET: Registered protocol family 17
[   12.757776] Key type dns_resolver registered
[   12.758426] microcode: CPU0 sig=0x306c3, pf=0x40, revision=0x0
[   12.759223] microcode: CPU1 sig=0x306c3, pf=0x40, revision=0x0
[   12.759915] microcode: Microcode Update Driver: v2.01 <tigran@aivazian.fsnet.co.uk>, Peter Oruba
[   12.761101] registered taskstats version 1
[   12.761641] Loading compiled-in X.509 certificates
[   12.762748] Loaded X.509 cert 'uull  time autggenrrttddkkeree  ee::55995ae588ddd4eeee5eeecc17552299eeaaeebb9'
[   13.464246]zzwwpp  loaddd uiigg poo  zz//bbud
[   13.825242] Key type trusted registered
[   13.845999] Key type encrypted registered
[   13.846527] AppArmor: AppArmor sha1 policy hashing enabled
[   13.847202] ima: No TPM chip found, activating TPM-bypass!
[   13.847855] evm: HMAC attrs: 0x1
[   13.848553]   Magic number: 8:694:2
[   13.849105] rtc_cmos rtc_cmos: setting system clock to 2016-11-08 01:00:56 UTC (1478566856)
[   13.850218] BIOS EDD facility v0.16 2004-Jun-25, 0 devices found
[   13.850922] EDD information not available.
[   13.852402] Freeing unused kernel memory: 1480K (ffffffff81f42000 - ffffffff820b4000)
[   13.853388] Write protecting the kernel read-only data: 14336k
[   13.854451] Freeing unused kernel memory: 1820K (ffff880001839000 - ffff880001a00000)
[   13.855767] Freeing unused kernel memory: 152K (ffff880001dda000 - ffff880001e00000)
Loading, please wait...
starting version[   13.867138] random: systemd-udevd: uninitialized urandom read (16 bytes read, 3 bits of entropy available)
 229
[   13.867539] random: udevadm: uninitialized urandom read (16 bytes read, 3 bits of entropy available)
[   13.867567] random: udevadm: uninitialized urandom read (16 bytes read, 3 bits of entropy available)
[   13.867651] random: udevadm: uninitialized urandom read (16 bytes read, 3 bits of entropy available)
[   13.867720] random: udevadm: uninitialized urandom read (16 bytes read, 3 bits of entropy available)
[   13.867750] random: udevadm: uninitialized urandom read (16 bytes read, 3 bits of entropy available)
[   13.867782] random: udevadm: uninitialized urandom read (16 bytes read, 3 bits of entropy available)
[   13.867810] random: udevadm: uninitialized urandom read (16 bytes read, 3 bits of entropy available)
[   13.867836] random: udevadm: uninitialized urandom read (16 bytes read, 3 bits of entropy available)
[   13.867862] random: udevadm: uninitialized urandom read (16 bytes read, 3 bits of entropy available)
[   13.895047] e1000: Intel(R) PRO/1000 Network Driver - version 7.3.21-k8-NAPI
[   13.904351] e1000: Copyright (c) 1999-2006 Intel Corporation.
[   13.908842] Fusion MPT base driver 3.04.20
[   13.944156] Copyright (c) 1999-2008 LSI Corporation
[   13.948987] Fusion MPT SPI Host driver 3.04.20
[   14.011362] AVX version of gcm_enc/dec engaged.
[   14.017241] AES CTR mode by8 optimization enabled
[   14.225861] input: ImExPS/2 Generic Explorer Mouse as /devices/platform/i8042/serio1/input/input4
[   14.298227] e1000 0000:00:03.0 eth0: (PCI:33MHz:32-bit) 02:0d:4d:0a:20:b8
[   14.300410] e1000 0000:00:03.0 eth0: Intel(R) PRO/1000 Network Connection
[   14.302165] mptbase: ioc0: Initiating bringup
[   14.655930] ioc0: LSI53C1030 A0: Capabilities={Initiator}
[   15.004999] scsi host2: ioc0: LSI53C1030 A0, FwRev=00000000h, Ports=1, MaxQ=256, IRQ=20
[   15.445178] scsi 2:0:0:0: Direct-Access     VBOX     HARDDISK         1.0  PQ: 0 ANSI: 5
[   15.455273] scsi target2:0:0: Beginning Domain Validation
[   15.465273] scsi target2:0:0: Domain Validation skipping write tests
[   15.468900] scsi target2:0:0: Ending Domain Validation
[   15.469667] scsi target2:0:0: asynchronous
[   15.470717] scsi 2:0:1:0: Direct-Access     VBOX     HARDDISK         1.0  PQ: 0 ANSI: 5
[   15.473545] scsi target2:0:1: Beginning Domain Validation
[   15.474981] scsi target2:0:1: Domain Validation skipping write tests
[   15.476956] scsi target2:0:1: Ending Domain Validation
[   15.477737] scsi target2:0:1: asynchronous
[   15.564661] sd 2:0:0:0: Attached scsi generic sg0 type 0
[   15.568324] sd 2:0:0:0: [sda] 20971520 512-byte logical blocks: (10.7 GB/10.0 GiB)
[   15.568495] sd 2:0:0:0: [sda] Write Protect is off
[   15.568599] sd 2:0:0:0: [sda] Incomplete mode parameter data
[   15.568600] sd 2:0:0:0: [sda] Assuming drive cache: write through
[   15.574645] sd 2:0:1:0: Attached scsi generic sg1 type 0
[   15.576944] sd 2:0:1:0: [sdb] 20480 512-byte logical blocks: (10.5 MB/10.0 MiB)
[   15.579428] sd 2:0:1:0: [sdb] Write Protect is off
[   15.580381] sd 2:0:1:0: [sdb] Incomplete mode parameter data
[   15.582267] sd 2:0:1:0: [sdb] Assuming drive cache: write through
[   15.595472]  sda: sda1
[   15.599998] sd 2:0:0:0: [sda] Attached SCSI disk
[   15.620808] sd 2:0:1:0: [sdb] Attached SCSI disk
[   15.774954] e1000 0000:00:08.0 eth1: (PCI:33MHz:32-bit) 08:00:27:ac:9e:ac
[   15.805176] e1000 0000:00:08.0 eth1: Intel(R) PRO/1000 Network Connection
[   15.806732] e1000 0000:00:03.0 enp0s3: renamed from eth0
[   15.815814] e1000 0000:00:08.0 enp0s8: renamed from eth1
[   17.039744] floppy0: no floppy controllers found
Begin: Loading e[   18.307688] md: linear personality registered for level -1
ssential drivers[   18.478715] md: multipath personality registered for level -4
 ... [   18.672699] md: raid0 personality registered for level 0
[   18.969816] md: raid1 personality registered for level 1
[   19.179638] raid6: sse2x1   gen() 11176 MB/s
[   19.363613] raid6: sse2x1   xor()  8633 MB/s
[   19.551631] raid6: sse2x2   gen() 14129 MB/s
[   19.743643] raid6: sse2x2   xor()  9460 MB/s
[   19.927630] raid6: sse2x4   gen() 16166 MB/s
[   20.047635] raid6: sse2x4   xor() 10658 MB/s
[   20.177038] raid6: using algorithm sse2x4 gen() 16166 MB/s
[   20.339420] raid6: .... xor() 10658 MB/s, rmw enabled
[   20.491533] raid6: using ssse3x2 recovery algorithm
[   20.625295] xor: automatically using best checksumming function:
[   20.972088]    avx       : 37642.000 MB/sec
[   21.055209] async_tx: api initialized (async)
[   21.188714] md: raid6 personality registered for level 6
[   21.342942] md: raid5 personality registered for level 5
[   21.494286] md: raid4 personality registered for level 4
[   21.648251] md: raid10 personality registered for level 10
done.
Begin: Running /scripts/init-premount ... done.
Begin: Mounting root file system ... Begin: Running /scripts/local-top ... done.
Begin: Running /scripts/local-premount ... [   21.821625] Btrfs loaded
Scanning for Btrfs filesystems
done.
Warning: fsck no[   21.923155] EXT4-fs (sda1): INFO: recovery required on readonly filesystem
t present, so skipping root file system
[   22.094141] EXT4-fs (sda1): write access will be enabled during recovery
[   22.180478] EXT4-fs (sda1): orphan cleanup on readonly fs
[   22.204038] EXT4-fs (sda1): 4 orphan inodes deleted
[   22.211023] EXT4-fs (sda1): recovery complete
[   22.212188] EXT4-fs (sda1): mounted filesystem with ordered data mode. Opts: (null)
done.
Begin: Running /scripts/local-bottom ... done.
Begin: Running /scripts/init-bottom ... Warning: overlayroot: debug is busted
done.
[   22.743928] systemd[1]: systemd 229 running in system mode. (+PAM +AUDIT +SELINUX +IMA +APPARMOR +SMACK +SYSVINIT +UTMP +LIBCRYPTSETUP +GCRYPT +GNUTLS +ACL +XZ -LZ4 +SECCOMP +BLKID +ELFUTILS +KMOD -IDN)
[   23.231786] systemd[1]: Detected virtualization oracle.
[   23.389457] systemd[1]: Detected architecture x86-64.

Welcome to [1mUbuntu 16.04.1 LTS[0m!

[   23.640899] systemd[1]: Set hostname to <ubuntu-xenial>.
[   23.943343] random: nonblocking pool is initialized
[ 24.493836] systemd[1]: Listening on LVM2 poll daemon socket.
[[0;32m  OK  [0m] Listening on LVM2 poll daemon socket.
[   24.821180] systemd[1]: Listening on Device-mapper event daemon FIFOs.
[[0;32m  OK  [0m] Listening on Device-mapper event daemon FIFOs.
[   24.822887] systemd[1]: Listening on udev Kernel Socket.
[[0;32m  OK  [0m] Listening on udev Kernel Socket.
[   24.825338] systemd[1]: Listening on udev Control Socket.
[[0;32m  OK  [0m] Listening on udev Control Socket.
[   24.826698] systemd[1]: Listening on LVM2 metadata daemon socket.
[[0;32m  OK  [0m] Listening on LVM2 metadata daemon socket.
[   24.828347] systemd[1]: Created slice User and Session Slice.
[[0;32m  OK  [0m] Created slice User and Session Slice.
[   24.829777] systemd[1]: Listening on Journal Socket (/dev/log).
[[0;32m  OK  [0m] Listening on Journal Socket (/dev/log).
[   24.831285] systemd[1]: Reached target Encrypted Volumes.
[[0;32m  OK  [0m] Reached target Encrypted Volumes.
[   24.832779] systemd[1]: Listening on Journal Audit Socket.
[[0;32m  OK  [0m] Listening on Journal Audit Socket.
[   24.834200] systemd[1]: Started Forward Password Requests to Wall Directory Watch.
[[0;32m  OK  [0m] Started Forward Password Requests to Wall Directory Watch.
[ 24.975982] systemd[1]: Listening on Syslog Socket.
[[0;32m  OK  [0m] Listening on Syslog Socket.
[  226714] systemd[1]: Listeningn dev/initctl Compatibility Named Pipe.
[[0;32m  OK  [0m] Listening on /dev/initctl Compatibility Named Pipe.
[   25.743467] systemd[1]: Reached target Swap.
[[0;32m  OK  [0m] Reached target Swap.
[   25.745305] systemd[1]: Created slice System Slice.
[[0;32m  OK  [0m] Created slice System Slice.
[   25.746601] systemd[1]: Reached target Slices.
[[0;32m  OK  [0m] Reached target Slices.
[   25.748025] systemd[1]: Created slice system-serial\x2dgetty.slice.
[[0;32m  OK  [0m] Created slice system-serial\x2dgetty.slice.
[   25.749522] systemd[1]: Reached target User and Group Name Lookups.
[[0;32m  OK  [0m] Reached target User and Group Name Lookups.
[   25.751104] systemd[1]: Set up automount Arbitrary Executable File Formats File System Automount Point.
[[0;32m  OK  [0m] Set up automount Arbitrary Executab...ats File System Automount Point.
[   25.753202] systemd[1]: Listening on Journal Socket.
[[0;32m  OK  [0m] Listening on Journal Socket.
[   25.763749] systemd[1]: Mounting Debug File System...
         Mounting Debug File System...
[   25.831788] systemd[1]: Starting Remount Root and Kernel File Systems...
         Starting Remount Root and Kernel File Systems...
[   25.909177] systemd[1]: Starting Journal Service...
         Starting Journal Service...
[   25.911850] systemd[1]: Mounting Huge Pages File System...
         Mounting Huge Pages File System...
[   26.061907] EXT4-fs (sda1): re-mounted. Opts: (null)
[   26.215958] systemd[1]: Starting Nameserver information manager...
         Starting Nameserver information manager...
[   26.327262] systemd[1]: Starting Uncomplicated firewall...
         Starting Uncomplicated firewall...
[   26.424252] systemd[1]: Mounting POSIX Message Queue File System...
         Mounting POSIX Message Queue File System...
[   26.427462] systemd[1]: Starting Create list of required static device nodes for the current kernel...
         Starting Create list of required st... nodes for the current kernel...
[   26.543868] systemd[1]: Starting Monitoring of LVM2 mirrors, snapshots etc. using dmeventd or progress polling...
         Starting Monitoring of LVM2 mirrors... dmeventd or progress polling...
[   26.891871] systemd[1]: Starting Load Kernel Modules...
         Starting Load Kernel Modules...
[   26.906199] systemd[1]: Starting Set console keymap...
         Starting Set console keymap...
[   27.007049] Loading iSCSI transport class v2.0-870.
[   27.020358] systemd[1]: Mounted Debug File System.
[[0;32m  OK  [0m] Mounted Debug File System.
[   27.024768] systemd[1]: Mounted POSIX Message Queue File System.
[[0;32m  OK  [0m] Mounted POSIX Message Queue File System.
[   27.029593] systemd[1]: Mounted Huge Pages File System.
[[0;32m  OK  [0m] Mounted Huge Pages File System.
[   27.032319] systemd[1]: Started Journal Service.
[[0;32m  OK  [0m] Started Journal Service.
[[0;32m  OK  [0m] Started Remount Root and Kernel File Systems.
[[0;32m  OK  [0m] Started Uncomplicated firewall.
[[0;32m  OK  [0m] Started Create list of required sta...ce nodes for the current kernel.
[   27.06859]]iiccii  eeiitterdd trassport (tcp)
[[0;32m  OK  [0m] Started LVM2 metadata daemon.
         Starting Create Static Device Nodes in /dev...
         Starting Load/Save Random Seed...
         Starting udev Coldplug all Devices...
         Starting Flush Journal to Persistent Storage...
[[0;32m  OK  [0m] Started Nameserver information manager.
[[0;32m  OK  [0m] Started Load/Save Random Seed.
[   27.460221] iscsi: registered transport (iser)
[[0;32m  OK  [0m] Started Set console keymap.
[[0;32m  OK  [0m] Started Load Kernel Modules.
[[0;32m  OK  [0m] Started udev Coldplug all Devices.
[   27.508378] systemd-journald[408]: Received request to flush runtime journal from PID 1
         Mounting FUSE Control File System...
         Starting Apply Kernel Variables...
[[0;32m  OK  [0m] Mounted FUSE Control File System.
[[0;32m  OK  [0m] Started Flush Journal to Persistent Storage.
[[0;32m  OK  [0m] Started Create Static Device Nodes in /dev.
         Starting udev Kernel Device Manager...
[[0;32m  OK  [0m] Started Apply Kernel Variables.
[[0;32m  OK  [0m] Started udev Kernel Device Manager.
[[0;32m  OK  [0m] Started Monitoring of LVM2 mirrors,...ng dmeventd or progress polling.
[[0;32m  OK  [0m] Started Dispatch Password Requests to Console Directory Watch.
[[0;32m  OK  [0m] Reached target Local File Systems (Pre).
[[0;32m  OK  [0m] Reached target Local File Systems.
         Starting Initial cloud-init job (pre-networking)...
         Starting Set console font and keymap...
         Starting Run snappy firstboot setup...
         Starting Create Volatile Files and Directories...
         Starting LSB: AppArmor initialization...
         Starting Tell Plymouth To Write Out Runtime Data...
[[0;32m  OK  [0m] Found device /dev/ttyS0.
[[0;32m  OK  [0m] Started Create Volatile Files and Directories.
[[0;32m  OK  [0m] Reached target System Time Synchronized.
         Starting Update UTMP about System Boot/Shutdown...
[[0;32m  OK  [0m] Started Tell Plymouth To Write Out Runtime Data.
[[0;32m  OK  [0m] Listening on Load/Save RF Kill Switch Status /dev/rfkill Watch.
[[0;32m  OK  [0m] Started Update UTMP about System Boot/Shutdown.
[[0;32m  OK  [0m] Found device 82540EM Gigabit Ethern...r (PRO/1000 MT Desktop Adapter).
[[0;32m  OK  [0m] Found device 82540EM Gigabit Ethern...r (PRO/1000 MT Desktop Adapter).
[[0;32m  OK  [0m] Started Set console font and keymap.
[[0;32m  OK  [0m] Created slice system-getty.slice.
[[0;32m  OK  [0m] Started Run snappy firstboot setup.
[[0;32m  OK  [0m] Started LSB: AppArmor initialization.
[[0;32m  OK  [0m] Reached target System Initialization.
[[0;32m  OK  [0m] Started Timer to automatically refresh installed snaps.
[[0;32m  OK  [0m] Started Daily Cleanup of Temporary Directories.
         Starting LXD - unix socket.
[[0;32m  OK  [0m] Listening on D-Bus System Message Bus Socket.
[[0;32m  OK  [0m] Listening on ACPID Listen Socket.
[[0;32m  OK  [0m] Started Trigger resolvconf update for networkd DNS.
[[0;32m  OK  [0m] Started Daily apt activities.
[[0;32m  OK  [0m] Reached target Timers.
[[0;32m  OK  [0m] Started ACPI Events Check.
[[0;32m  OK  [0m] Reached target Paths.
[[0;32m  OK  [0m] Listening on UUID daemon activation socket.
         Starting Socket activation for snappy daemon.
[[0;32m  OK  [0m] Listening on LXD - unix socket.
[[0;32m  OK  [0m] Listening on Socket activation for snappy daemon.
[[0;32m  OK  [0m] Reached target Sockets.
[[0;32m  OK  [0m] Reached target Basic System.
[[0;32m  OK  [0m] Started Deferred execution scheduler.
         Starting Accounts Service...
         Starting LSB: MD monitoring daemon...
[[0;32m  OK  [0m] Started FUSE filesystem for LXC.
[[0;32m  OK  [0m] Started Regular background program processing daemon.
         Starting LSB: Record successful boot for GRUB...
[[0;32m  OK  [0m] Started ACPI event daemon.
[[0;32m  OK  [0m] Started Snappy daemon.
[[0;32m  OK  [0m] Started D-Bus System Message Bus.
         Starting Login Service...
         Starting System Logging Service...
         Starting LXD - container startup/shutdown...
[[0;32m  OK  [0m] Started Login Service.
[[0;32m  OK  [0m] Started LSB: Record successful boot for GRUB.
[[0;32m  OK  [0m] Started System Logging Service.
[[0;32m  OK  [0m] Started LSB: MD monitoring daemon.
         Starting Authenticate and Authorize Users to Run Privileged Tasks...
[[0;32m  OK  [0m] Started Authenticate and Authorize Users to Run Privileged Tasks.
[[0;32m  OK  [0m] Started Accounts Service.
[[0;32m  OK  [0m] Started LXD - container startup/shutdown.
[   69.169584] cloud-init[510]: Cloud-init v. 0.7.8 running 'init-local' at Tue, 08 Nov 2016 01:01:53 +0000. Up 68.41 seconds.
[[0;32m  OK  [0m] Started Initial cloud-init job (pre-networking).
[[0;32m  OK  [0m] Reached target Network (Pre).
[[0;32m  OK  [0m] Started ifup for enp0s8.
         Starting Raise network interfaces...
[[0;32m  OK  [0m] Started ifup for enp0s3.
[[0;32m  OK  [0m] Started Raise network interfaces.
         Starting Initial cloud-init job (metadata service crawler)...
[[0;32m  OK  [0m] Reached target Network.
         Starting MySQL Community Server...
         Starting A high performance web server and a reverse proxy server...
[   71.622870] cloud-init[1130]: Cloud-init v. 0.7.8 running 'init' at Tue, 08 Nov 2016 01:01:55 +0000. Up 69.94 seconds.
[   71.650856] cloud-init[1130]: ci-info: ++++++++++++++++++++++++++++++++++++++Net device info++++++++++++++++++++++++++++++++++++++
[[0;32m  OK  [0m] Started Initial cloud-init job (metadata service crawler).
[   71.702760] cloud-init[1130]: ci-info: +--------+------+-----------------------------+---------------+-------+-------------------+
[[0;32m  OK  [0m] Reached target Network is Online.
[   71.712660] cloud-init[1130]: ci-info: | Device |  Up  |           Address           |      Mask     | Scope |     Hw-Address    |
[   71.716298] cloud-init[1130]: ci-info: +--------+------+-----------------------------+---------------+-------+-------------------+
[   71.736689]          cloud-initStarting iSCSI initiator daemon (iscsid)...[1130]: 
ci-info: | enp0s3 | True |          10.0.2.15          | 255.255.255.0 |   .   | 02:0d:4d:0a:20:b8 |
[   71.739580]          cloud-initStarting /etc/rc.local Compatibility...[1130]: 
ci-info: | enp0s3 | True |  fe80::d:4dff:fe0a:20b8/64  |       .       |  link | 02:0d:4d:0a:20:b8 |
[   71.743364] cloud-init[1130]: ci-info: |   lo   | True |          127.0.0.1          |   255.0.0.0   |   .   |         .         |
[   71.768376] cloud-init[1130]: ci-info: |   lo   | True |           ::1/128           |       .       |  host |         .         |
[   71.776139] cloud-init[1130]: ci-info: | enp0s8 | True |        192.168.10.10        | 255.255.255.0 |   .   | 08:00:27:ac:9e:ac |
[[0;32m  OK  [0m] Reached target Cloud-config availability.
[   71.793074] cloud-init[1130]: ci-info: | enp0s8 | True | fe80::a00:27ff:feac:9eac/64 |       .       |  link | 08:00:27:ac:9e:ac |
[   71.831976] cloud-init[1130]: ci-info: +--------+------+-----------------------------+---------------+-------+-------------------+
         Starting Apply the settings specified in cloud-config...
[   71.866931] cloud-init[1130]: ci-info: ++++++++++++++++++++++++++++Route IPv4 info++++++++++++++++++++++++++++
[   71.911705] cloud-init[1130]: ci-info: +-------+--------------+----------+---------------+-----------+-------+
[   71.913841] cloud-init[1130]: ci-info: | Route | Destination  | Gateway  |    Genmask    | Interface | Flags |
[   71.968380] cloud-init[1130]: ci-info: +-------+--------------+----------+---------------+-----------+-------+
         Starting OpenBSD Secure Shell server...
[   72.006688] cloud-init[1130]: ci-info: |   0   |   0.0.0.0    | 10.0.2.2 |    0.0.0.0    |   enp0s3  |   UG  |
[   72.016963] cloud-init[1130]: ci-info: |   1   |   10.0.2.0   | 0.0.0.0  | 255.255.255.0 |   enp0s3  |   U   |
[   72.019257] cloud-init[1130]: ci-info: |   2   | 192.168.10.0 | 0.0.0.0  | 255.255.255.0 |   enp0s8  |   U   |
[   72.026868] cloud-init[1130]: ci-info: +-------+--------------+----------+---------------+-----------+-------+
[[0;32m  OK  [0m] Started /etc/rc.local Compatibility.
[[0;32m  OK  [0m] Started iSCSI initiator daemon (iscsid).
         Starting Login to default iSCSI targets...
[[0;32m  OK  [0m] Started Login to default iSCSI targets.
[   72.348791] cloud-init[1191]: Cloud-init v. 0.7.8 running 'modules:config' at Tue, 08 Nov 2016 01:01:57 +0000. Up 72.07 seconds.
[[0;32m  OK  [0m] Reached target Remote File Systems (Pre).
[[0;32m  OK  [0m] Reached target Remote File Systems.
         Starting Permit User Sessions...
         Starting LSB: automatic crash report generation...
         Starting LSB: daemon to balance interrupts for SMP systems...
         Starting LSB: VirtualBox Linux Additions...
         Starting LSB: Set the CPU Frequency Scaling governor to "ondemand"...
[[0;32m  OK  [0m] Started OpenBSD Secure Shell server.
[[0;32m  OK  [0m] Started Apply the settings specified in cloud-config.
[[0;32m  OK  [0m] Started Permit User Sessions.
         Starting Hold until boot process finishes up...
         Starting Terminate Plymouth Boot Screen...
[[0;32m  OK  [0m] Started LSB: daemon to balance interrupts for SMP systems.
[[0;32m  OK  [0m] Started LSB: Set the CPU Frequency Scaling governor to "ondemand".
[[0;32m  OK  [0m] Started LSB: automatic crash report generation.
[[0;32m  OK  [0m] Started Hold until boot process finishes up.
[[0;32m  OK  [0m] Started Terminate Plymouth Boot Screen.
         Starting Set console scheme...
[[0;32m  OK  [0m] Started Serial Getty on ttyS0.
[[0;32m  OK  [0m] Started Getty on tty1.
[[0;32m  OK  [0m] Reached target Login Prompts.
[[0;32m  OK  [0m] Started Set console scheme.
[[0;32m  OK  [0m] Created slice User Slice of ubuntu.
         Starting User Manager for UID 1000...
[[0;32m  OK  [0m] Started Session 1 of user ubuntu.
[[0;32m  OK  [0m] Started LSB: VirtualBox Linux Additions.
[[0;32m  OK  [0m] Started User Manager for UID 1000.
[[0;32m  OK  [0m] Started A high performance web server and a reverse proxy server.

Ubuntu 16.04.1 LTS ubuntu-xenial ttyS0

ubuntu-xenial login: [   79.434225] cloud-init[1508]: Cloud-init v. 0.7.8 running 'modules:final' at Tue, 08 Nov 2016 01:02:04 +0000. Up 79.17 seconds.
[   79.434398] cloud-init[1508]: Cloud-init v. 0.7.8 finished at Tue, 08 Nov 2016 01:02:04 +0000. Datasource DataSourceNoCloud [seed=/dev/sdb][dsmode=net].  Up 79.42 seconds
